<?xml version="1.0" encoding="UTF-8"?>
<testng-results skipped="0" failed="0" total="2" passed="2">
  <reporter-output>
  </reporter-output>
  <suite name="Suite" duration-ms="57186" started-at="2017-01-24T15:58:14Z" finished-at="2017-01-24T15:59:12Z">
    <groups>
    </groups>
    <test name="ChatModuleTests" duration-ms="57186" started-at="2017-01-24T15:58:14Z" finished-at="2017-01-24T15:59:12Z">
      <class name="ForgotPasswordTest">
        <test-method status="PASS" signature="beforeAllTests()[pri:0, instance:ForgotPasswordTest@75aaa6d8]" name="beforeAllTests" is-config="true" duration-ms="20477" started-at="2017-01-24T17:58:14Z" finished-at="2017-01-24T17:58:35Z">
          <reporter-output>
          </reporter-output>
        </test-method> <!-- beforeAllTests -->
        <test-method status="PASS" signature="setUp()[pri:0, instance:ForgotPasswordTest@75aaa6d8]" name="setUp" is-config="true" duration-ms="5752" started-at="2017-01-24T17:58:35Z" finished-at="2017-01-24T17:58:41Z">
          <reporter-output>
          </reporter-output>
        </test-method> <!-- setUp -->
        <test-method status="PASS" signature="resetPasswordTest()[pri:0, instance:ForgotPasswordTest@75aaa6d8]" name="resetPasswordTest" duration-ms="11808" started-at="2017-01-24T17:58:41Z" finished-at="2017-01-24T17:58:53Z">
          <reporter-output>
          </reporter-output>
        </test-method> <!-- resetPasswordTest -->
        <test-method status="PASS" signature="tearDown()[pri:0, instance:ForgotPasswordTest@75aaa6d8]" name="tearDown" is-config="true" duration-ms="204" started-at="2017-01-24T17:58:53Z" finished-at="2017-01-24T17:58:53Z">
          <reporter-output>
          </reporter-output>
        </test-method> <!-- tearDown -->
        <test-method status="PASS" signature="beforeAllTests()[pri:0, instance:ForgotPasswordTest@75aaa6d8]" name="beforeAllTests" is-config="true" duration-ms="5979" started-at="2017-01-24T17:58:53Z" finished-at="2017-01-24T17:58:59Z">
          <reporter-output>
          </reporter-output>
        </test-method> <!-- beforeAllTests -->
        <test-method status="PASS" signature="setUp()[pri:0, instance:ForgotPasswordTest@75aaa6d8]" name="setUp" is-config="true" duration-ms="5648" started-at="2017-01-24T17:58:59Z" finished-at="2017-01-24T17:59:04Z">
          <reporter-output>
          </reporter-output>
        </test-method> <!-- setUp -->
        <test-method status="PASS" signature="resetPasswordWithIncorrectEmailTest()[pri:0, instance:ForgotPasswordTest@75aaa6d8]" name="resetPasswordWithIncorrectEmailTest" duration-ms="7105" started-at="2017-01-24T17:59:04Z" finished-at="2017-01-24T17:59:11Z">
          <reporter-output>
          </reporter-output>
        </test-method> <!-- resetPasswordWithIncorrectEmailTest -->
        <test-method status="PASS" signature="tearDown()[pri:0, instance:ForgotPasswordTest@75aaa6d8]" name="tearDown" is-config="true" duration-ms="175" started-at="2017-01-24T17:59:11Z" finished-at="2017-01-24T17:59:12Z">
          <reporter-output>
          </reporter-output>
        </test-method> <!-- tearDown -->
      </class> <!-- ForgotPasswordTest -->
    </test> <!-- ChatModuleTests -->
  </suite> <!-- Suite -->
</testng-results>
